info: Microsoft.AspNetCore.DataProtection.KeyManagement.XmlKeyManager[0]
      User profile is available. Using 'C:\Users\baraneshab\AppData\Local\ASP.NET\DataProtection-Keys' as key repository and Windows DPAPI to encrypt keys at rest.
Hosting environment: Development
Content root path: C:\Users\baraneshab\source\repos\radFB\radFB
Now listening on: http://127.0.0.1:43344
Application started. Press Ctrl+C to shut down.
info: Microsoft.AspNetCore.Hosting.Internal.WebHost[1]
      Request starting HTTP/1.1 POST http://localhost:44329/Account/Login application/x-www-form-urlencoded 300
info: Microsoft.AspNetCore.Mvc.Internal.ControllerActionInvoker[3]
      Route matched with {action = "Login", controller = "Account"}. Executing controller action with signature System.Threading.Tasks.Task`1[Microsoft.AspNetCore.Mvc.IActionResult] Login(radFB.ViewModels.LoginViewModel, System.String) on controller radFB.Controllers.AccountController (radFB).
info: Microsoft.AspNetCore.Mvc.Internal.ControllerActionInvoker[1]
      Executing action method radFB.Controllers.AccountController.Login (radFB) - Validation state: Valid
info: Microsoft.AspNetCore.Authentication.Cookies.CookieAuthenticationHandler[10]
      AuthenticationScheme: Identity.Application signed in.
info: radFB.Controllers.AccountController[1]
      ????? ???? ??
info: Microsoft.AspNetCore.Mvc.Internal.ControllerActionInvoker[2]
      Executed action method radFB.Controllers.AccountController.Login (radFB), returned result Microsoft.AspNetCore.Mvc.RedirectToActionResult in 2465.112ms.
info: Microsoft.AspNetCore.Mvc.RedirectToActionResult[1]
      Executing RedirectResult, redirecting to /Account/Login.
info: Microsoft.AspNetCore.Mvc.Internal.ControllerActionInvoker[2]
      Executed action radFB.Controllers.AccountController.Login (radFB) in 2548.923ms
info: Microsoft.AspNetCore.Hosting.Internal.WebHost[2]
      Request finished in 2950.1972ms 302 
info: Microsoft.AspNetCore.Hosting.Internal.WebHost[1]
      Request starting HTTP/1.1 GET http://localhost:44329/Account/Login  
info: Microsoft.AspNetCore.Mvc.Internal.ControllerActionInvoker[3]
      Route matched with {action = "Login", controller = "Account"}. Executing controller action with signature Microsoft.AspNetCore.Mvc.IActionResult Login(System.String) on controller radFB.Controllers.AccountController (radFB).
info: Microsoft.AspNetCore.Mvc.Internal.ControllerActionInvoker[1]
      Executing action method radFB.Controllers.AccountController.Login (radFB) - Validation state: Valid
info: Microsoft.AspNetCore.Mvc.Internal.ControllerActionInvoker[2]
      Executed action method radFB.Controllers.AccountController.Login (radFB), returned result Microsoft.AspNetCore.Mvc.ViewResult in 0.5571ms.
info: Microsoft.AspNetCore.Mvc.ViewFeatures.ViewResultExecutor[1]
      Executing ViewResult, running view Login.
info: Microsoft.AspNetCore.Mvc.ViewFeatures.ViewResultExecutor[4]
      Executed ViewResult - view Login executed in 140.9075ms.
info: Microsoft.AspNetCore.Mvc.Internal.ControllerActionInvoker[2]
      Executed action radFB.Controllers.AccountController.Login (radFB) in 145.7844ms
info: Microsoft.AspNetCore.Hosting.Internal.WebHost[2]
      Request finished in 158.1113ms 200 text/html; charset=utf-8
info: Microsoft.AspNetCore.Hosting.Internal.WebHost[1]
      Request starting HTTP/1.1 GET http://localhost:44329/dist/css/adminlte.min.css  
info: Microsoft.AspNetCore.Hosting.Internal.WebHost[1]
      Request starting HTTP/1.1 GET http://localhost:44329/plugins/iCheck/square/blue.css  
info: Microsoft.AspNetCore.Hosting.Internal.WebHost[1]
      Request starting HTTP/1.1 GET http://localhost:44329/dist/css/custom-style.css  
info: Microsoft.AspNetCore.StaticFiles.StaticFileMiddleware[2]
      Sending file. Request path: '/plugins/iCheck/square/blue.css'. Physical path: 'C:\Users\baraneshab\source\repos\radFB\radFB\wwwroot\plugins\iCheck\square\blue.css'
info: Microsoft.AspNetCore.Hosting.Internal.WebHost[2]
      Request finished in 7.8939ms 200 text/css
info: Microsoft.AspNetCore.StaticFiles.StaticFileMiddleware[2]
      Sending file. Request path: '/dist/css/custom-style.css'. Physical path: 'C:\Users\baraneshab\source\repos\radFB\radFB\wwwroot\dist\css\custom-style.css'
info: Microsoft.AspNetCore.Hosting.Internal.WebHost[2]
      Request finished in 0.8869ms 200 text/css
info: Microsoft.AspNetCore.Hosting.Internal.WebHost[1]
      Request starting HTTP/1.1 GET http://localhost:44329/dist/css/bootstrap-rtl.min.css  
info: Microsoft.AspNetCore.StaticFiles.StaticFileMiddleware[2]
      Sending file. Request path: '/dist/css/bootstrap-rtl.min.css'. Physical path: 'C:\Users\baraneshab\source\repos\radFB\radFB\wwwroot\dist\css\bootstrap-rtl.min.css'
info: Microsoft.AspNetCore.Hosting.Internal.WebHost[2]
      Request finished in 3.0937ms 200 text/css
info: Microsoft.AspNetCore.StaticFiles.StaticFileMiddleware[2]
      Sending file. Request path: '/dist/css/adminlte.min.css'. Physical path: 'C:\Users\baraneshab\source\repos\radFB\radFB\wwwroot\dist\css\adminlte.min.css'
info: Microsoft.AspNetCore.Hosting.Internal.WebHost[2]
      Request finished in 33.9ms 200 text/css
info: Microsoft.AspNetCore.Hosting.Internal.WebHost[1]
      Request starting HTTP/1.1 POST http://127.0.0.1:43344/iisintegration  0
info: Microsoft.AspNetCore.Hosting.Internal.WebHost[2]
      Request finished in 0.309ms 202 
Application is shutting down...
